Using pre-set license
Built from '2021.3/china_unity/release' branch; Version is '2021.3.1f1c1 (0cb3bd085a01) revision 832445'; Using compiler version '192829333'; Build Type 'Release'
OS: 'Windows 11  (10.0.22631) 64bit CoreCountrySpecific' Language: 'zh' Physical Memory: 16076 MB
BatchMode: 1, IsHumanControllingUs: 0, StartBugReporterOnCrash: 0, Is64bit: 1, IsPro: 1

COMMAND LINE ARGUMENTS:
F:\unityDown\2021.3.1f1c1\Editor\Unity.exe
-adb2
-batchMode
-noUpm
-name
AssetImportWorker0
-projectPath
E:/pyLearn/ThreeD-Python-Unity-Chan
-logFile
Logs/AssetImportWorker0.log
-srvPort
56836
Successfully changed project path to: E:/pyLearn/ThreeD-Python-Unity-Chan
E:/pyLearn/ThreeD-Python-Unity-Chan
[UnityMemory] Configuration Parameters - Can be set up in boot.config
    "memorysetup-bucket-allocator-granularity=16"
    "memorysetup-bucket-allocator-bucket-count=8"
    "memorysetup-bucket-allocator-block-size=33554432"
    "memorysetup-bucket-allocator-block-count=8"
    "memorysetup-main-allocator-block-size=16777216"
    "memorysetup-thread-allocator-block-size=16777216"
    "memorysetup-gfx-main-allocator-block-size=16777216"
    "memorysetup-gfx-thread-allocator-block-size=16777216"
    "memorysetup-cache-allocator-block-size=4194304"
    "memorysetup-typetree-allocator-block-size=2097152"
    "memorysetup-profiler-bucket-allocator-granularity=16"
    "memorysetup-profiler-bucket-allocator-bucket-count=8"
    "memorysetup-profiler-bucket-allocator-block-size=33554432"
    "memorysetup-profiler-bucket-allocator-block-count=8"
    "memorysetup-profiler-allocator-block-size=16777216"
    "memorysetup-profiler-editor-allocator-block-size=1048576"
    "memorysetup-temp-allocator-size-main=16777216"
    "memorysetup-job-temp-allocator-block-size=2097152"
    "memorysetup-job-temp-allocator-block-size-background=1048576"
    "memorysetup-job-temp-allocator-reduction-small-platforms=262144"
    "memorysetup-temp-allocator-size-background-worker=32768"
    "memorysetup-temp-allocator-size-job-worker=262144"
    "memorysetup-temp-allocator-size-preload-manager=33554432"
    "memorysetup-temp-allocator-size-nav-mesh-worker=65536"
    "memorysetup-temp-allocator-size-audio-worker=65536"
    "memorysetup-temp-allocator-size-cloud-worker=32768"
    "memorysetup-temp-allocator-size-gi-baking-worker=262144"
    "memorysetup-temp-allocator-size-gfx=262144"
AS: AutoStreaming module initializing.
Refreshing native plugins compatible for Editor in 16.72 ms, found 2 plugins.
Preloading 0 native plugins for Editor in 0.00 ms.
Initialize engine version: 2021.3.1f1c1 (0cb3bd085a01)
[Subsystems] Discovering subsystems at path F:/unityDown/2021.3.1f1c1/Editor/Data/Resources/UnitySubsystems
[Subsystems] Discovering subsystems at path E:/pyLearn/ThreeD-Python-Unity-Chan/Assets
GfxDevice: creating device client; threaded=0; jobified=0
Direct3D:
    Version:  Direct3D 11.0 [level 11.1]
    Renderer: NVIDIA GeForce RTX 3060 Laptop GPU (ID=0x2520)
    Vendor:   NVIDIA
    VRAM:     6023 MB
    Driver:   31.0.15.1694
Initialize mono
Mono path[0] = 'F:/unityDown/2021.3.1f1c1/Editor/Data/Managed'
Mono path[1] = 'F:/unityDown/2021.3.1f1c1/Editor/Data/MonoBleedingEdge/lib/mono/unityjit-win32'
Mono config path = 'F:/unityDown/2021.3.1f1c1/Editor/Data/MonoBleedingEdge/etc'
Using monoOptions --debugger-agent=transport=dt_socket,embedding=1,server=y,suspend=n,address=127.0.0.1:56772
Begin MonoManager ReloadAssembly
Registering precompiled unity dll's ...
Register platform support module: F:/unityDown/2021.3.1f1c1/Editor/Data/PlaybackEngines/AndroidPlayer/UnityEditor.Android.Extensions.dll
Register platform support module: F:/unityDown/2021.3.1f1c1/Editor/Data/PlaybackEngines/WindowsStandaloneSupport/UnityEditor.WindowsStandalone.Extensions.dll
Registered in 0.001461 seconds.
Native extension for WindowsStandalone target not found
Native extension for Android target not found
Refreshing native plugins compatible for Editor in 16.57 ms, found 2 plugins.
Preloading 0 native plugins for Editor in 0.00 ms.
Mono: successfully reloaded assembly
- Completed reload, in  0.368 seconds
Domain Reload Profiling:
	ReloadAssembly (368ms)
		BeginReloadAssembly (42ms)
			ExecutionOrderSort (0ms)
			DisableScriptedObjects (0ms)
			BackupInstance (0ms)
			ReleaseScriptingObjects (0ms)
			CreateAndSetChildDomain (1ms)
		EndReloadAssembly (255ms)
			LoadAssemblies (41ms)
			RebuildTransferFunctionScriptingTraits (0ms)
			SetupTypeCache (68ms)
			ReleaseScriptCaches (0ms)
			RebuildScriptCaches (18ms)
			SetupLoadedEditorAssemblies (136ms)
				LogAssemblyErrors (0ms)
				InitializePlatformSupportModulesInManaged (30ms)
				SetLoadedEditorAssemblies (0ms)
				RefreshPlugins (17ms)
				BeforeProcessingInitializeOnLoad (1ms)
				ProcessInitializeOnLoadAttributes (60ms)
				ProcessInitializeOnLoadMethodAttributes (28ms)
				AfterProcessingInitializeOnLoad (0ms)
				EditorAssembliesLoaded (0ms)
			ExecutionOrderSort2 (0ms)
			AwakeInstancesAfterBackupRestoration (0ms)
Platform modules already initialized, skipping
Registering precompiled user dll's ...
Registered in 0.001865 seconds.
Begin MonoManager ReloadAssembly
Symbol file LoadedFromMemory is not a mono symbol file
Native extension for WindowsStandalone target not found
Native extension for Android target not found
Refreshing native plugins compatible for Editor in 0.30 ms, found 2 plugins.
Preloading 0 native plugins for Editor in 0.00 ms.
Mono: successfully reloaded assembly
- Completed reload, in  0.543 seconds
Domain Reload Profiling:
	ReloadAssembly (544ms)
		BeginReloadAssembly (69ms)
			ExecutionOrderSort (0ms)
			DisableScriptedObjects (4ms)
			BackupInstance (0ms)
			ReleaseScriptingObjects (0ms)
			CreateAndSetChildDomain (14ms)
		EndReloadAssembly (406ms)
			LoadAssemblies (53ms)
			RebuildTransferFunctionScriptingTraits (0ms)
			SetupTypeCache (107ms)
			ReleaseScriptCaches (0ms)
			RebuildScriptCaches (34ms)
			SetupLoadedEditorAssemblies (178ms)
				LogAssemblyErrors (0ms)
				InitializePlatformSupportModulesInManaged (9ms)
				SetLoadedEditorAssemblies (0ms)
				RefreshPlugins (0ms)
				BeforeProcessingInitializeOnLoad (27ms)
				ProcessInitializeOnLoadAttributes (123ms)
				ProcessInitializeOnLoadMethodAttributes (15ms)
				AfterProcessingInitializeOnLoad (3ms)
				EditorAssembliesLoaded (0ms)
			ExecutionOrderSort2 (0ms)
			AwakeInstancesAfterBackupRestoration (4ms)
Platform modules already initialized, skipping
========================================================================
Worker process is ready to serve import requests
Launched and connected shader compiler UnityShaderCompiler.exe after 0.04 seconds
Refreshing native plugins compatible for Editor in 0.22 ms, found 2 plugins.
Preloading 0 native plugins for Editor in 0.00 ms.
Unloading 1543 Unused Serialized files (Serialized files now loaded: 0)
Unloading 16 unused Assets / (48.1 KB). Loaded Objects now: 2014.
Memory consumption went from 73.9 MB to 73.8 MB.
Total: 2.351800 ms (FindLiveObjects: 0.100900 ms CreateObjectMapping: 0.034400 ms MarkObjects: 2.157800 ms  DeleteObjects: 0.057800 ms)

AssetImportParameters requested are different than current active one (requested -> active):
  custom:video-decoder-ogg-theora: a1e56fd34408186e4bbccfd4996cb3dc -> 
  custom:container-muxer-webm: aa71ff27fc2769a1b78a27578f13a17b -> 
  custom:container-demuxer-webm: 4f35f7cbe854078d1ac9338744f61a02 -> 
  custom:video-encoder-webm-vp8: eb34c28f22e8b96e1ab97ce403110664 -> 
  custom:video-codec-MediaFoundation-h265: 746d11721c4dcdbdad8f713fa42b33f4 -> 
  custom:audio-encoder-webm-vorbis: bf7c407c2cedff20999df2af8eb42d56 -> 
  custom:framework-win-MediaFoundation: 216162199b28c13a410421893ffa2e32 -> 
  custom:container-demuxer-ogg: 62fdf1f143b41e24485cea50d1cbac27 -> 
  custom:video-decoder-webm-vp8: 9c59270c3fd7afecdb556c50c9e8de78 -> 
  custom:audio-decoder-ogg-vorbis: bf7c407c2cedff20999df2af8eb42d56 -> 
========================================================================
Received Import Request.
  Time since last request: 124921.778665 seconds.
  path: Assets/AnimeGirls/Casual1/Casual1.prefab
  artifactKey: Guid(678bf8bc91771fa498236de892b83d1d) Importer(815301076,1909f56bfc062723c751e8b465ee728b)
Start importing Assets/AnimeGirls/Casual1/Casual1.prefab using Guid(678bf8bc91771fa498236de892b83d1d) Importer(815301076,1909f56bfc062723c751e8b465ee728b)  -> (artifact id: '0c65942e3543b567e3733f1c0b3b570b') in 0.439721 seconds 
========================================================================
Received Prepare
Registering precompiled user dll's ...
Registered in 0.001592 seconds.
Begin MonoManager ReloadAssembly
Symbol file LoadedFromMemory is not a mono symbol file
Native extension for WindowsStandalone target not found
Native extension for Android target not found
Refreshing native plugins compatible for Editor in 0.26 ms, found 2 plugins.
Preloading 0 native plugins for Editor in 0.00 ms.
Mono: successfully reloaded assembly
- Completed reload, in  0.554 seconds
Domain Reload Profiling:
	ReloadAssembly (555ms)
		BeginReloadAssembly (82ms)
			ExecutionOrderSort (0ms)
			DisableScriptedObjects (4ms)
			BackupInstance (0ms)
			ReleaseScriptingObjects (0ms)
			CreateAndSetChildDomain (22ms)
		EndReloadAssembly (416ms)
			LoadAssemblies (50ms)
			RebuildTransferFunctionScriptingTraits (0ms)
			SetupTypeCache (105ms)
			ReleaseScriptCaches (1ms)
			RebuildScriptCaches (27ms)
			SetupLoadedEditorAssemblies (204ms)
				LogAssemblyErrors (0ms)
				InitializePlatformSupportModulesInManaged (13ms)
				SetLoadedEditorAssemblies (0ms)
				RefreshPlugins (0ms)
				BeforeProcessingInitializeOnLoad (30ms)
				ProcessInitializeOnLoadAttributes (136ms)
				ProcessInitializeOnLoadMethodAttributes (19ms)
				AfterProcessingInitializeOnLoad (4ms)
				EditorAssembliesLoaded (0ms)
			ExecutionOrderSort2 (0ms)
			AwakeInstancesAfterBackupRestoration (6ms)
Platform modules already initialized, skipping
Refreshing native plugins compatible for Editor in 0.66 ms, found 2 plugins.
Preloading 0 native plugins for Editor in 0.00 ms.
Unloading 1535 Unused Serialized files (Serialized files now loaded: 0)
Unloading 9 unused Assets / (31.7 KB). Loaded Objects now: 2025.
Memory consumption went from 90.2 MB to 90.1 MB.
Total: 2.092900 ms (FindLiveObjects: 0.098700 ms CreateObjectMapping: 0.025900 ms MarkObjects: 1.951300 ms  DeleteObjects: 0.015300 ms)

AssetImportParameters requested are different than current active one (requested -> active):
  custom:video-decoder-ogg-theora: a1e56fd34408186e4bbccfd4996cb3dc -> 
  custom:container-muxer-webm: aa71ff27fc2769a1b78a27578f13a17b -> 
  custom:container-demuxer-webm: 4f35f7cbe854078d1ac9338744f61a02 -> 
  custom:video-encoder-webm-vp8: eb34c28f22e8b96e1ab97ce403110664 -> 
  custom:video-codec-MediaFoundation-h265: 746d11721c4dcdbdad8f713fa42b33f4 -> 
  custom:audio-encoder-webm-vorbis: bf7c407c2cedff20999df2af8eb42d56 -> 
  custom:framework-win-MediaFoundation: 216162199b28c13a410421893ffa2e32 -> 
  custom:container-demuxer-ogg: 62fdf1f143b41e24485cea50d1cbac27 -> 
  custom:video-decoder-webm-vp8: 9c59270c3fd7afecdb556c50c9e8de78 -> 
  custom:audio-decoder-ogg-vorbis: bf7c407c2cedff20999df2af8eb42d56 -> 
========================================================================
Received Import Request.
  Time since last request: 102.545101 seconds.
  path: Assets/AnimeGirls/Casual1/SourceFiles/Material/Mat.mat
  artifactKey: Guid(584185f725cc8ec4f816013ff6b5e2cc) Importer(815301076,1909f56bfc062723c751e8b465ee728b)
Start importing Assets/AnimeGirls/Casual1/SourceFiles/Material/Mat.mat using Guid(584185f725cc8ec4f816013ff6b5e2cc) Importer(815301076,1909f56bfc062723c751e8b465ee728b)  -> (artifact id: '2b5e41725033a50b12a0ab922c2d751d') in 0.060722 seconds 
========================================================================
Received Import Request.
  Time since last request: 2.002801 seconds.
  path: Assets/AnimeGirls/Casual1/SourceFiles/Mesh/AnimeGirl.fbx
  artifactKey: Guid(7e0043553097dc34e867f52b292bb164) Importer(815301076,1909f56bfc062723c751e8b465ee728b)
Start importing Assets/AnimeGirls/Casual1/SourceFiles/Mesh/AnimeGirl.fbx using Guid(7e0043553097dc34e867f52b292bb164) Importer(815301076,1909f56bfc062723c751e8b465ee728b)  -> (artifact id: '6aef916f78d25aaa7df65d99cdf899c0') in 0.087051 seconds 
========================================================================
Received Import Request.
  Time since last request: 173.244643 seconds.
  path: Assets/AnimeGirls/Casual1/SourceFiles/Texture/Casual1.png
  artifactKey: Guid(35f40a7d98d24a94f803784c817ac03a) Importer(815301076,1909f56bfc062723c751e8b465ee728b)
Start importing Assets/AnimeGirls/Casual1/SourceFiles/Texture/Casual1.png using Guid(35f40a7d98d24a94f803784c817ac03a) Importer(815301076,1909f56bfc062723c751e8b465ee728b)  -> (artifact id: 'ff0d4f934a053cd2a765afaa982f3054') in 0.030132 seconds 
========================================================================
Received Import Request.
  Time since last request: 5.164315 seconds.
  path: Assets/AnimeGirls/BaseCharacter/Underwear1.prefab
  artifactKey: Guid(1733e098fdf8a9447bda920a3e41b14e) Importer(815301076,1909f56bfc062723c751e8b465ee728b)
Start importing Assets/AnimeGirls/BaseCharacter/Underwear1.prefab using Guid(1733e098fdf8a9447bda920a3e41b14e) Importer(815301076,1909f56bfc062723c751e8b465ee728b)  -> (artifact id: '7c6421b2309b0a3b907affa23d682014') in 0.028300 seconds 
========================================================================
Received Import Request.
  Time since last request: 2.288240 seconds.
  path: Assets/AnimeGirls/BaseCharacter/BaseCharacter/Sourcefiles/BaseCharacter.fbx
  artifactKey: Guid(d8e6717bd7507b44c9fc5a0a6749ec6c) Importer(815301076,1909f56bfc062723c751e8b465ee728b)
Start importing Assets/AnimeGirls/BaseCharacter/BaseCharacter/Sourcefiles/BaseCharacter.fbx using Guid(d8e6717bd7507b44c9fc5a0a6749ec6c) Importer(815301076,1909f56bfc062723c751e8b465ee728b)  -> (artifact id: '4ce30b9a8ced262e089bb90aa0b9654a') in 0.111279 seconds 
========================================================================
Received Prepare
Registering precompiled user dll's ...
Registered in 0.007920 seconds.
Begin MonoManager ReloadAssembly
Symbol file LoadedFromMemory is not a mono symbol file
Native extension for WindowsStandalone target not found
Native extension for Android target not found
Refreshing native plugins compatible for Editor in 0.25 ms, found 2 plugins.
Preloading 0 native plugins for Editor in 0.00 ms.
Mono: successfully reloaded assembly
- Completed reload, in  0.694 seconds
Domain Reload Profiling:
	ReloadAssembly (695ms)
		BeginReloadAssembly (172ms)
			ExecutionOrderSort (0ms)
			DisableScriptedObjects (3ms)
			BackupInstance (0ms)
			ReleaseScriptingObjects (0ms)
			CreateAndSetChildDomain (23ms)
		EndReloadAssembly (458ms)
			LoadAssemblies (174ms)
			RebuildTransferFunctionScriptingTraits (0ms)
			SetupTypeCache (109ms)
			ReleaseScriptCaches (1ms)
			RebuildScriptCaches (29ms)
			SetupLoadedEditorAssemblies (200ms)
				LogAssemblyErrors (0ms)
				InitializePlatformSupportModulesInManaged (15ms)
				SetLoadedEditorAssemblies (0ms)
				RefreshPlugins (0ms)
				BeforeProcessingInitializeOnLoad (31ms)
				ProcessInitializeOnLoadAttributes (130ms)
				ProcessInitializeOnLoadMethodAttributes (19ms)
				AfterProcessingInitializeOnLoad (4ms)
				EditorAssembliesLoaded (0ms)
			ExecutionOrderSort2 (0ms)
			AwakeInstancesAfterBackupRestoration (6ms)
Platform modules already initialized, skipping
Refreshing native plugins compatible for Editor in 1.08 ms, found 2 plugins.
Preloading 0 native plugins for Editor in 0.00 ms.
Unloading 1535 Unused Serialized files (Serialized files now loaded: 0)
Unloading 9 unused Assets / (31.8 KB). Loaded Objects now: 2065.
Memory consumption went from 90.6 MB to 90.5 MB.
Total: 1.913600 ms (FindLiveObjects: 0.098300 ms CreateObjectMapping: 0.031800 ms MarkObjects: 1.770900 ms  DeleteObjects: 0.011000 ms)

AssetImportParameters requested are different than current active one (requested -> active):
  custom:video-decoder-ogg-theora: a1e56fd34408186e4bbccfd4996cb3dc -> 
  custom:container-muxer-webm: aa71ff27fc2769a1b78a27578f13a17b -> 
  custom:container-demuxer-webm: 4f35f7cbe854078d1ac9338744f61a02 -> 
  custom:video-encoder-webm-vp8: eb34c28f22e8b96e1ab97ce403110664 -> 
  custom:video-codec-MediaFoundation-h265: 746d11721c4dcdbdad8f713fa42b33f4 -> 
  custom:audio-encoder-webm-vorbis: bf7c407c2cedff20999df2af8eb42d56 -> 
  custom:framework-win-MediaFoundation: 216162199b28c13a410421893ffa2e32 -> 
  custom:container-demuxer-ogg: 62fdf1f143b41e24485cea50d1cbac27 -> 
  custom:video-decoder-webm-vp8: 9c59270c3fd7afecdb556c50c9e8de78 -> 
  custom:audio-decoder-ogg-vorbis: bf7c407c2cedff20999df2af8eb42d56 -> 
========================================================================
Received Import Request.
  Time since last request: 450.744770 seconds.
  path: Assets/Latifa V2 3D - Anime Style/Latifa V2 Prefab.prefab
  artifactKey: Guid(8fb76780e40bf1142ac84afa008dfa0c) Importer(815301076,1909f56bfc062723c751e8b465ee728b)
Start importing Assets/Latifa V2 3D - Anime Style/Latifa V2 Prefab.prefab using Guid(8fb76780e40bf1142ac84afa008dfa0c) Importer(815301076,1909f56bfc062723c751e8b465ee728b)  -> (artifact id: '3a948ddba5cd9c3671dbb65e5cbd8964') in 0.201446 seconds 
========================================================================
Received Import Request.
  Time since last request: 2.123802 seconds.
  path: Assets/Latifa V2 3D - Anime Style/Latifa V2 Character/Latifa V2 (Optimized FBX).fbx
  artifactKey: Guid(895bba5160ea131489e4882eb6ded6ab) Importer(815301076,1909f56bfc062723c751e8b465ee728b)
Start importing Assets/Latifa V2 3D - Anime Style/Latifa V2 Character/Latifa V2 (Optimized FBX).fbx using Guid(895bba5160ea131489e4882eb6ded6ab) Importer(815301076,1909f56bfc062723c751e8b465ee728b)  -> (artifact id: '8dc6140ea7628d8c9f64451463ca8d2f') in 0.140873 seconds 
========================================================================
Received Import Request.
  Time since last request: 44.555864 seconds.
  path: Assets/Scenes
  artifactKey: Guid(9a1a8d46410798d458d3d73037f164ae) Importer(815301076,1909f56bfc062723c751e8b465ee728b)
Start importing Assets/Scenes using Guid(9a1a8d46410798d458d3d73037f164ae) Importer(815301076,1909f56bfc062723c751e8b465ee728b)  -> (artifact id: '75b16f6402538b3d4a407b7c88b7cd9c') in 0.000952 seconds 
========================================================================
Received Import Request.
  Time since last request: 1.159917 seconds.
  path: Assets/Scenes/Main.unity
  artifactKey: Guid(9fc0d4010bbf28b4594072e72b8655ab) Importer(815301076,1909f56bfc062723c751e8b465ee728b)
Start importing Assets/Scenes/Main.unity using Guid(9fc0d4010bbf28b4594072e72b8655ab) Importer(815301076,1909f56bfc062723c751e8b465ee728b)  -> (artifact id: 'a951fcc48cb4bb0164e73c427fb142ed') in 0.001044 seconds 
========================================================================
Received Import Request.
  Time since last request: 2.272384 seconds.
  path: Assets/AnimeGirls
  artifactKey: Guid(2e05b1990912f2a469b4d5ec9d7f77b5) Importer(815301076,1909f56bfc062723c751e8b465ee728b)
Start importing Assets/AnimeGirls using Guid(2e05b1990912f2a469b4d5ec9d7f77b5) Importer(815301076,1909f56bfc062723c751e8b465ee728b)  -> (artifact id: 'b953e2594594b62bdc2dec1a1c06b27c') in 0.000978 seconds 
========================================================================
Received Import Request.
  Time since last request: 47.408786 seconds.
  path: Assets/Resources/Rin New 3d - Anime Style/Rin New Prefab.prefab
  artifactKey: Guid(196405dd91626fd4c8aa9160f83204a2) Importer(815301076,1909f56bfc062723c751e8b465ee728b)
Start importing Assets/Resources/Rin New 3d - Anime Style/Rin New Prefab.prefab using Guid(196405dd91626fd4c8aa9160f83204a2) Importer(815301076,1909f56bfc062723c751e8b465ee728b)  -> (artifact id: '65216ce6c7807682cd75c3e29855d273') in 0.047340 seconds 
========================================================================
Received Import Request.
  Time since last request: 5.365520 seconds.
  path: Assets/Resources/Rin New 3d - Anime Style/Advance Unlit Shader
  artifactKey: Guid(5f883a177d32ea94aba94714702921a9) Importer(815301076,1909f56bfc062723c751e8b465ee728b)
Start importing Assets/Resources/Rin New 3d - Anime Style/Advance Unlit Shader using Guid(5f883a177d32ea94aba94714702921a9) Importer(815301076,1909f56bfc062723c751e8b465ee728b)  -> (artifact id: '293cf6cb75b53dde1ed0e014428b1142') in 0.000895 seconds 
========================================================================
Received Import Request.
  Time since last request: 0.554167 seconds.
  path: Assets/Resources/Rin New 3d - Anime Style/Demo
  artifactKey: Guid(5bd5b57395f07b94289eb5406aad5d97) Importer(815301076,1909f56bfc062723c751e8b465ee728b)
Start importing Assets/Resources/Rin New 3d - Anime Style/Demo using Guid(5bd5b57395f07b94289eb5406aad5d97) Importer(815301076,1909f56bfc062723c751e8b465ee728b)  -> (artifact id: 'c7fb37df78054595f24c8dd1f9b274dd') in 0.000886 seconds 
========================================================================
Received Import Request.
  Time since last request: 5.602620 seconds.
  path: Assets/Resources/Rin New 3d - Anime Style/Rin Character/Rin (Atlas FBX).fbx
  artifactKey: Guid(efdb62cdc3bf99f4292d49700c71aeea) Importer(815301076,1909f56bfc062723c751e8b465ee728b)
Start importing Assets/Resources/Rin New 3d - Anime Style/Rin Character/Rin (Atlas FBX).fbx using Guid(efdb62cdc3bf99f4292d49700c71aeea) Importer(815301076,1909f56bfc062723c751e8b465ee728b)  -> (artifact id: 'f9e1e04d53a471edc7979a46a7ac4f6b') in 0.048840 seconds 
========================================================================
Received Import Request.
  Time since last request: 7.036250 seconds.
  path: Assets/Latifa V2 3D - Anime Style
  artifactKey: Guid(eef21c1ee83ba31449bcd5bb4abb0829) Importer(815301076,1909f56bfc062723c751e8b465ee728b)
Start importing Assets/Latifa V2 3D - Anime Style using Guid(eef21c1ee83ba31449bcd5bb4abb0829) Importer(815301076,1909f56bfc062723c751e8b465ee728b)  -> (artifact id: '2b156f8cbd13fee0bd6d95f7869f3d82') in 0.001042 seconds 
========================================================================
Received Import Request.
  Time since last request: 18.798211 seconds.
  path: Assets/Latifa V2 3D - Anime Style/Latifa V2 Character
  artifactKey: Guid(35ff6ae11b7b9314cb7f90d9c9109fcf) Importer(815301076,1909f56bfc062723c751e8b465ee728b)
Start importing Assets/Latifa V2 3D - Anime Style/Latifa V2 Character using Guid(35ff6ae11b7b9314cb7f90d9c9109fcf) Importer(815301076,1909f56bfc062723c751e8b465ee728b)  -> (artifact id: '76bd12ed8358e22f978d6c22717c036b') in 0.001028 seconds 
========================================================================
Received Prepare
Registering precompiled user dll's ...
Registered in 0.002491 seconds.
Begin MonoManager ReloadAssembly
Symbol file LoadedFromMemory is not a mono symbol file
Native extension for WindowsStandalone target not found
Native extension for Android target not found
Refreshing native plugins compatible for Editor in 0.35 ms, found 2 plugins.
Preloading 0 native plugins for Editor in 0.00 ms.
Mono: successfully reloaded assembly
- Completed reload, in  0.597 seconds
Domain Reload Profiling:
	ReloadAssembly (598ms)
		BeginReloadAssembly (86ms)
			ExecutionOrderSort (0ms)
			DisableScriptedObjects (4ms)
			BackupInstance (0ms)
			ReleaseScriptingObjects (0ms)
			CreateAndSetChildDomain (23ms)
		EndReloadAssembly (448ms)
			LoadAssemblies (54ms)
			RebuildTransferFunctionScriptingTraits (0ms)
			SetupTypeCache (116ms)
			ReleaseScriptCaches (1ms)
			RebuildScriptCaches (30ms)
			SetupLoadedEditorAssemblies (209ms)
				LogAssemblyErrors (0ms)
				InitializePlatformSupportModulesInManaged (15ms)
				SetLoadedEditorAssemblies (0ms)
				RefreshPlugins (0ms)
				BeforeProcessingInitializeOnLoad (32ms)
				ProcessInitializeOnLoadAttributes (140ms)
				ProcessInitializeOnLoadMethodAttributes (17ms)
				AfterProcessingInitializeOnLoad (3ms)
				EditorAssembliesLoaded (0ms)
			ExecutionOrderSort2 (0ms)
			AwakeInstancesAfterBackupRestoration (6ms)
Platform modules already initialized, skipping
Refreshing native plugins compatible for Editor in 0.81 ms, found 2 plugins.
Preloading 0 native plugins for Editor in 0.00 ms.
Unloading 1535 Unused Serialized files (Serialized files now loaded: 0)
Unloading 9 unused Assets / (31.8 KB). Loaded Objects now: 2068.
Memory consumption went from 91.2 MB to 91.1 MB.
Total: 2.555000 ms (FindLiveObjects: 0.103900 ms CreateObjectMapping: 0.026300 ms MarkObjects: 2.403300 ms  DeleteObjects: 0.019300 ms)

AssetImportParameters requested are different than current active one (requested -> active):
  custom:video-decoder-ogg-theora: a1e56fd34408186e4bbccfd4996cb3dc -> 
  custom:container-muxer-webm: aa71ff27fc2769a1b78a27578f13a17b -> 
  custom:container-demuxer-webm: 4f35f7cbe854078d1ac9338744f61a02 -> 
  custom:video-encoder-webm-vp8: eb34c28f22e8b96e1ab97ce403110664 -> 
  custom:video-codec-MediaFoundation-h265: 746d11721c4dcdbdad8f713fa42b33f4 -> 
  custom:audio-encoder-webm-vorbis: bf7c407c2cedff20999df2af8eb42d56 -> 
  custom:framework-win-MediaFoundation: 216162199b28c13a410421893ffa2e32 -> 
  custom:container-demuxer-ogg: 62fdf1f143b41e24485cea50d1cbac27 -> 
  custom:video-decoder-webm-vp8: 9c59270c3fd7afecdb556c50c9e8de78 -> 
  custom:audio-decoder-ogg-vorbis: bf7c407c2cedff20999df2af8eb42d56 -> 
========================================================================
Received Prepare
Registering precompiled user dll's ...
Registered in 0.001650 seconds.
Begin MonoManager ReloadAssembly
Symbol file LoadedFromMemory is not a mono symbol file
Native extension for WindowsStandalone target not found
Native extension for Android target not found
Refreshing native plugins compatible for Editor in 0.28 ms, found 2 plugins.
Preloading 0 native plugins for Editor in 0.00 ms.
Mono: successfully reloaded assembly
- Completed reload, in  0.592 seconds
Domain Reload Profiling:
	ReloadAssembly (592ms)
		BeginReloadAssembly (75ms)
			ExecutionOrderSort (0ms)
			DisableScriptedObjects (4ms)
			BackupInstance (0ms)
			ReleaseScriptingObjects (0ms)
			CreateAndSetChildDomain (18ms)
		EndReloadAssembly (461ms)
			LoadAssemblies (48ms)
			RebuildTransferFunctionScriptingTraits (0ms)
			SetupTypeCache (113ms)
			ReleaseScriptCaches (1ms)
			RebuildScriptCaches (38ms)
			SetupLoadedEditorAssemblies (213ms)
				LogAssemblyErrors (0ms)
				InitializePlatformSupportModulesInManaged (17ms)
				SetLoadedEditorAssemblies (0ms)
				RefreshPlugins (0ms)
				BeforeProcessingInitializeOnLoad (34ms)
				ProcessInitializeOnLoadAttributes (139ms)
				ProcessInitializeOnLoadMethodAttributes (19ms)
				AfterProcessingInitializeOnLoad (3ms)
				EditorAssembliesLoaded (0ms)
			ExecutionOrderSort2 (0ms)
			AwakeInstancesAfterBackupRestoration (6ms)
Platform modules already initialized, skipping
Refreshing native plugins compatible for Editor in 0.83 ms, found 2 plugins.
Preloading 0 native plugins for Editor in 0.00 ms.
Unloading 1535 Unused Serialized files (Serialized files now loaded: 0)
Unloading 9 unused Assets / (31.7 KB). Loaded Objects now: 2071.
Memory consumption went from 91.2 MB to 91.1 MB.
Total: 1.930800 ms (FindLiveObjects: 0.092800 ms CreateObjectMapping: 0.023500 ms MarkObjects: 1.800900 ms  DeleteObjects: 0.012700 ms)

AssetImportParameters requested are different than current active one (requested -> active):
  custom:video-decoder-ogg-theora: a1e56fd34408186e4bbccfd4996cb3dc -> 
  custom:container-muxer-webm: aa71ff27fc2769a1b78a27578f13a17b -> 
  custom:container-demuxer-webm: 4f35f7cbe854078d1ac9338744f61a02 -> 
  custom:video-encoder-webm-vp8: eb34c28f22e8b96e1ab97ce403110664 -> 
  custom:video-codec-MediaFoundation-h265: 746d11721c4dcdbdad8f713fa42b33f4 -> 
  custom:audio-encoder-webm-vorbis: bf7c407c2cedff20999df2af8eb42d56 -> 
  custom:framework-win-MediaFoundation: 216162199b28c13a410421893ffa2e32 -> 
  custom:container-demuxer-ogg: 62fdf1f143b41e24485cea50d1cbac27 -> 
  custom:video-decoder-webm-vp8: 9c59270c3fd7afecdb556c50c9e8de78 -> 
  custom:audio-decoder-ogg-vorbis: bf7c407c2cedff20999df2af8eb42d56 -> 
